<?xml version="1.0" encoding="UTF-8"?>
<!-- Generated by org.testng.reporters.JUnitXMLReporter -->
<testsuite ignored="0" hostname="KALYANI" failures="1" tests="2" name="Test7" time="5.069" errors="0" timestamp="2024-06-25T10:56:35 IST">
  <testcase classname="assert_.soft_aasert" name="browser_url" time="2.688">
    <failure type="java.lang.AssertionError" message="The following asserts failed:
	expected [https://www.jiocinema] but found [https://www.jiocinema.com/]">
      <![CDATA[java.lang.AssertionError: The following asserts failed:
expected [https://www.jiocinema] but found [https://www.jiocinema.com/]
at assert_.soft_aasert.browser_url(soft_aasert.java:25)
at java.base/java.util.ArrayList.forEach(ArrayList.java:1596)
... Removed 28 stack frames]]>
    </failure>
  </testcase> <!-- browser_url -->
  <testcase classname="assert_.soft_aasert" name="searchbox" time="2.359"/>
</testsuite> <!-- Test7 -->
